#
# There is insufficient memory for the Java Runtime Environment to continue.
# Native memory allocation (mmap) failed to map 260046848 bytes for G1 virtual space
# Possible reasons:
#   The system is out of physical RAM or swap space
#   The process is running with CompressedOops enabled, and the Java Heap may be blocking the growth of the native heap
# Possible solutions:
#   Reduce memory load on the system
#   Increase physical memory or swap space
#   Check if swap backing store is full
#   Decrease Java heap size (-Xmx/-Xms)
#   Decrease number of Java threads
#   Decrease Java thread stack sizes (-Xss)
#   Set larger code cache with -XX:ReservedCodeCacheSize=
#   JVM is running with Zero Based Compressed Oops mode in which the Java heap is
#     placed in the first 32GB address space. The Java Heap base address is the
#     maximum limit for the native heap growth. Please use -XX:HeapBaseMinAddress
#     to set the Java Heap base and to place the Java Heap above 32GB virtual address.
# This output file may be truncated or incomplete.
#
#  Out of Memory Error (os_windows.cpp:3541), pid=21776, tid=19640
#
# JRE version:  (17.0.4.1+1) (build )
# Java VM: OpenJDK 64-Bit Server VM (17.0.4.1+1, mixed mode, sharing, tiered, compressed oops, compressed class ptrs, g1 gc, windows-amd64)
# No core dump will be written. Minidumps are not enabled by default on client versions of Windows
#

---------------  S U M M A R Y ------------

Command Line: -Dmaven.home=EMBEDDED -Dclassworlds.conf=C:\Users\hksharma\eclipse-workspace2\.metadata\.plugins\org.eclipse.m2e.launching\launches\m2conf5174965045655413419.tmp -Dmaven.multiModuleProjectDirectory=C:\Users\hksharma\eclipse-workspace2\SRE -Dfile.encoding=UTF-8 -XX:+ShowCodeDetailsInExceptionMessages org.codehaus.plexus.classworlds.launcher.Launcher -B -Dstyle.color=always install

Host: 11th Gen Intel(R) Core(TM) i5-1135G7 @ 2.40GHz, 8 cores, 15G,  Windows 11 , 64 bit Build 22000 (10.0.22000.2538)
Time: Mon Oct  7 18:00:15 2024 India Standard Time elapsed time: 0.010576 seconds (0d 0h 0m 0s)

---------------  T H R E A D  ---------------

Current thread (0x000001ad5cc93b50):  JavaThread "Unknown thread" [_thread_in_vm, id=19640, stack(0x0000009baa800000,0x0000009baa900000)]

Stack: [0x0000009baa800000,0x0000009baa900000]
Native frames: (J=compiled Java code, j=interpreted, Vv=VM code, C=native code)
V  [jvm.dll+0x67731a]
V  [jvm.dll+0x832284]
V  [jvm.dll+0x833a2e]
V  [jvm.dll+0x834093]
V  [jvm.dll+0x245775]
V  [jvm.dll+0x674209]
V  [jvm.dll+0x668a92]
V  [jvm.dll+0x30471b]
V  [jvm.dll+0x30bc66]
V  [jvm.dll+0x35ba9e]
V  [jvm.dll+0x35bccf]
V  [jvm.dll+0x2db5b8]
V  [jvm.dll+0x2dc524]
V  [jvm.dll+0x803db1]
V  [jvm.dll+0x3698f1]
V  [jvm.dll+0x7e31bc]
V  [jvm.dll+0x3ec25f]
V  [jvm.dll+0x3edde1]
C  [jli.dll+0x5277]
C  [ucrtbase.dll+0x26c0c]
C  [o_vjuabc.dll+0x153e0]
C  [Protector64.dll+0x13aee]
C  [Protector64.dll+0x5caac]
C  [Protector64.dll+0x4c016]
C  [ntdll.dll+0x485b]


---------------  P R O C E S S  ---------------

Threads class SMR info:
_java_thread_list=0x00007ffcf9484e98, length=0, elements={
}

Java Threads: ( => current thread )

Other Threads:
  0x000001ad5cd03d80 GCTaskThread "GC Thread#0" [stack: 0x0000009baa900000,0x0000009baaa00000] [id=13628]
  0x000001ad788d7be0 ConcurrentGCThread "G1 Main Marker" [stack: 0x0000009baaa00000,0x0000009baab00000] [id=25272]
  0x000001ad788d85f0 ConcurrentGCThread "G1 Conc#0" [stack: 0x0000009baab00000,0x0000009baac00000] [id=30064]

[error occurred during error reporting (printing all threads), id 0xc0000005, EXCEPTION_ACCESS_VIOLATION (0xc0000005) at pc=0x00007ffcf8c5c047]

VM state: not at safepoint (not fully initialized)

VM Mutex/Monitor currently owned by a thread:  ([mutex/lock_event])
[0x000001ad5cc8f590] Heap_lock - owner thread: 0x000001ad5cc93b50

Heap address: 0x0000000709600000, size: 3946 MB, Compressed Oops mode: Zero based, Oop shift amount: 3

CDS archive(s) mapped at: [0x0000000000000000-0x0000000000000000-0x0000000000000000), size 0, SharedBaseAddress: 0x0000000800000000, ArchiveRelocationMode: 0.
Narrow klass base: 0x0000000000000000, Narrow klass shift: 0, Narrow klass range: 0x0

GC Precious Log:
<Empty>

Heap:
 garbage-first heap   total 0K, used 0K [0x0000000709600000, 0x0000000800000000)
  region size 2048K, 0 young (0K), 0 survivors (0K)

[error occurred during error reporting (printing heap information), id 0xc0000005, EXCEPTION_ACCESS_VIOLATION (0xc0000005) at pc=0x00007ffcf9040699]

GC Heap History (0 events):
No events

Deoptimization events (0 events):
No events

Classes unloaded (0 events):
No events

Classes redefined (0 events):
No events

Internal exceptions (0 events):
No events

VM Operations (0 events):
No events

Events (1 events):
Event: 0.007 Loaded shared library D:\OTHERS\Softwares\eclipse new\eclipse\plugins\org.eclipse.justj.openjdk.hotspot.jre.full.win32.x86_64_17.0.4.v20220903-1038\jre\bin\java.dll


Dynamic libraries:
0x00007ff708d80000 - 0x00007ff708d8e000 	D:\OTHERS\Softwares\eclipse new\eclipse\plugins\org.eclipse.justj.openjdk.hotspot.jre.full.win32.x86_64_17.0.4.v20220903-1038\jre\bin\javaw.exe
0x00007ffdf6220000 - 0x00007ffdf6429000 	C:\Windows\SYSTEM32\ntdll.dll
0x00007ffdf4f50000 - 0x00007ffdf500d000 	C:\Windows\System32\o_vjuabc.dll
0x00007ffdf3880000 - 0x00007ffdf3c04000 	C:\Windows\System32\b_fzdxuzpd.dll
0x00007ffdf3ed0000 - 0x00007ffdf3fe1000 	C:\Windows\System32\ucrtbase.dll
0x00007ffdd5730000 - 0x00007ffdd5748000 	D:\OTHERS\Softwares\eclipse new\eclipse\plugins\org.eclipse.justj.openjdk.hotspot.jre.full.win32.x86_64_17.0.4.v20220903-1038\jre\bin\jli.dll
0x00007ffdf55b0000 - 0x00007ffdf575d000 	C:\Windows\System32\USER32.dll
0x00007ffdf3c10000 - 0x00007ffdf3c36000 	C:\Windows\System32\win32u.dll
0x00007ffdf6220000 - 0x00007ffdf6429000 	C:\Windows\SYSTEM32\ntdll.dll
0x00007ffdf4070000 - 0x00007ffdf409a000 	C:\Windows\System32\GDI32.dll
0x00007ffdf3db0000 - 0x00007ffdf3ece000 	C:\Windows\System32\gdi32full.dll
0x00007ffdf36b0000 - 0x00007ffdf374d000 	C:\Windows\System32\msvcp_win.dll
0x00007ffdbbe40000 - 0x00007ffdbbe59000 	D:\OTHERS\Softwares\eclipse new\eclipse\plugins\org.eclipse.justj.openjdk.hotspot.jre.full.win32.x86_64_17.0.4.v20220903-1038\jre\bin\VCRUNTIME140.dll
0x00007ffdd9ee0000 - 0x00007ffdda185000 	C:\Windows\WinSxS\amd64_microsoft.windows.common-controls_6595b64144ccf1df_6.0.22000.120_none_9d947278b86cc467\COMCTL32.dll
0x00007ffdf5840000 - 0x00007ffdf58e3000 	C:\Windows\System32\msvcrt.dll
0x00007ffdf41b0000 - 0x00007ffdf41e1000 	C:\Windows\System32\IMM32.DLL
0x00007ffdb4090000 - 0x00007ffdb4205000 	C:\Program Files\Cisco\AMP\exprev\Protector64.dll
0x00007ffdf4e10000 - 0x00007ffdf4ebe000 	C:\Windows\System32\ADVAPI32.dll
0x00007ffdf40b0000 - 0x00007ffdf414e000 	C:\Windows\System32\sechost.dll
0x00007ffdf4f50000 - 0x00007ffdf500d000 	C:\Windows\System32\o_vjuabc.dll
0x00007ffdf4230000 - 0x00007ffdf4351000 	C:\Windows\System32\RPCRT4.dll
0x00007ffdf3880000 - 0x00007ffdf3c04000 	C:\Windows\System32\b_fzdxuzpd.dll
0x00007ffde8f70000 - 0x00007ffde8f7a000 	C:\Windows\SYSTEM32\VERSION.dll
0x00007ffdf2d70000 - 0x00007ffdf2d7c000 	C:\Windows\SYSTEM32\CRYPTBASE.DLL
0x00007ffdf2700000 - 0x00007ffdf2734000 	C:\Windows\SYSTEM32\ntmarta.dll
0x00007ffdf3ff0000 - 0x00007ffdf406f000 	C:\Windows\System32\bcryptPrimitives.dll
0x00007ffdd73d0000 - 0x00007ffdd73dc000 	D:\OTHERS\Softwares\eclipse new\eclipse\plugins\org.eclipse.justj.openjdk.hotspot.jre.full.win32.x86_64_17.0.4.v20220903-1038\jre\bin\vcruntime140_1.dll
0x00007ffd64740000 - 0x00007ffd647d1000 	D:\OTHERS\Softwares\eclipse new\eclipse\plugins\org.eclipse.justj.openjdk.hotspot.jre.full.win32.x86_64_17.0.4.v20220903-1038\jre\bin\msvcp140.dll
0x00007ffcf8970000 - 0x00007ffcf95b6000 	D:\OTHERS\Softwares\eclipse new\eclipse\plugins\org.eclipse.justj.openjdk.hotspot.jre.full.win32.x86_64_17.0.4.v20220903-1038\jre\bin\server\jvm.dll
0x00007ffdf4f30000 - 0x00007ffdf4f38000 	C:\Windows\System32\PSAPI.DLL
0x00007ffdd24e0000 - 0x00007ffdd24e9000 	C:\Windows\SYSTEM32\WSOCK32.dll
0x00007ffdf4920000 - 0x00007ffdf498f000 	C:\Windows\System32\WS2_32.dll
0x00007ffdea280000 - 0x00007ffdea2b3000 	C:\Windows\SYSTEM32\WINMM.dll
0x00007ffdf26e0000 - 0x00007ffdf26f8000 	C:\Windows\SYSTEM32\kernel.appcore.dll
0x00007ffdd73c0000 - 0x00007ffdd73ca000 	D:\OTHERS\Softwares\eclipse new\eclipse\plugins\org.eclipse.justj.openjdk.hotspot.jre.full.win32.x86_64_17.0.4.v20220903-1038\jre\bin\jimage.dll
0x00007ffdf0ef0000 - 0x00007ffdf1111000 	C:\Windows\SYSTEM32\DBGHELP.DLL
0x00007ffddd480000 - 0x00007ffddd4b1000 	C:\Windows\SYSTEM32\dbgcore.DLL
0x00007ffdad710000 - 0x00007ffdad735000 	D:\OTHERS\Softwares\eclipse new\eclipse\plugins\org.eclipse.justj.openjdk.hotspot.jre.full.win32.x86_64_17.0.4.v20220903-1038\jre\bin\java.dll

dbghelp: loaded successfully - version: 4.0.5 - missing functions: none
symbol engine: initialized successfully - sym options: 0x614 - pdb path: .;D:\OTHERS\Softwares\eclipse new\eclipse\plugins\org.eclipse.justj.openjdk.hotspot.jre.full.win32.x86_64_17.0.4.v20220903-1038\jre\bin;C:\Windows\SYSTEM32;C:\Windows\WinSxS\amd64_microsoft.windows.common-controls_6595b64144ccf1df_6.0.22000.120_none_9d947278b86cc467;C:\Program Files\Cisco\AMP\exprev;D:\OTHERS\Softwares\eclipse new\eclipse\plugins\org.eclipse.justj.openjdk.hotspot.jre.full.win32.x86_64_17.0.4.v20220903-1038\jre\bin\server

VM Arguments:
jvm_args: -Dmaven.home=EMBEDDED -Dclassworlds.conf=C:\Users\hksharma\eclipse-workspace2\.metadata\.plugins\org.eclipse.m2e.launching\launches\m2conf5174965045655413419.tmp -Dmaven.multiModuleProjectDirectory=C:\Users\hksharma\eclipse-workspace2\SRE -Dfile.encoding=UTF-8 -XX:+ShowCodeDetailsInExceptionMessages 
java_command: org.codehaus.plexus.classworlds.launcher.Launcher -B -Dstyle.color=always install
java_class_path (initial): D:\OTHERS\Softwares\eclipse new\eclipse\plugins\org.eclipse.m2e.maven.runtime_3.8.601.20220820-1147\jars\plexus-classworlds-2.6.0.jar
Launcher Type: SUN_STANDARD

[Global flags]
     intx CICompilerCount                          = 4                                         {product} {ergonomic}
     uint ConcGCThreads                            = 2                                         {product} {ergonomic}
     uint G1ConcRefinementThreads                  = 8                                         {product} {ergonomic}
   size_t G1HeapRegionSize                         = 2097152                                   {product} {ergonomic}
    uintx GCDrainStackTargetSize                   = 64                                        {product} {ergonomic}
   size_t InitialHeapSize                          = 260046848                                 {product} {ergonomic}
   size_t MarkStackSize                            = 4194304                                   {product} {ergonomic}
   size_t MaxHeapSize                              = 4137680896                                {product} {ergonomic}
   size_t MinHeapDeltaBytes                        = 2097152                                   {product} {ergonomic}
   size_t MinHeapSize                              = 8388608                                   {product} {ergonomic}
    uintx NonNMethodCodeHeapSize                   = 5839372                                {pd product} {ergonomic}
    uintx NonProfiledCodeHeapSize                  = 122909434                              {pd product} {ergonomic}
    uintx ProfiledCodeHeapSize                     = 122909434                              {pd product} {ergonomic}
    uintx ReservedCodeCacheSize                    = 251658240                              {pd product} {ergonomic}
     bool SegmentedCodeCache                       = true                                      {product} {ergonomic}
     bool ShowCodeDetailsInExceptionMessages       = true                                   {manageable} {command line}
   size_t SoftMaxHeapSize                          = 4137680896                             {manageable} {ergonomic}
     bool UseCompressedClassPointers               = true                           {product lp64_product} {ergonomic}
     bool UseCompressedOops                        = true                           {product lp64_product} {ergonomic}
     bool UseG1GC                                  = true                                      {product} {ergonomic}
     bool UseLargePagesIndividualAllocation        = false                                  {pd product} {ergonomic}

Logging:
Log output configuration:
 #0: stdout all=warning uptime,level,tags
 #1: stderr all=off uptime,level,tags

Environment Variables:
JAVA_HOME=C:\Program Files\Java\jdk-17
PATH=D:/OTHERS/Softwares/eclipse new/eclipse//plugins/org.eclipse.justj.openjdk.hotspot.jre.full.win32.x86_64_17.0.4.v20220903-1038/jre/bin/server;D:/OTHERS/Softwares/eclipse new/eclipse//plugins/org.eclipse.justj.openjdk.hotspot.jre.full.win32.x86_64_17.0.4.v20220903-1038/jre/bin;C:\Python311\Scripts;C:\Python311;C:\Program Files\Common Files\Oracle\Java\javapath;C:\Windows\system32;C:\Windows;C:\Windows\System32\Wbem;C:\Windows\System32\WindowsPowerShell\v1.0\;C:\Windows\System32\OpenSSH\;C:\Program Files\dotnet\;C:\ProgramData\chocolatey\bin;C:\apache-maven-3.2.2\bin;C:\kafka_2.13-3.4.0\bin\windows;C:\Program Files (x86)\nodejs;C:\Program Files (x86)\dotnet\;C:\apps;C:\myapp;C:\apache-maven-3.8.6\bin;C:\Program Files\Java\jdk-17\bin;C:\strawberry\c\bin;C:\strawberry\perl\bin;C:\apache-maven-3.8.6\bin;C:\gradle-7.4\bin;C:\Program Files (x86)\Nmap;C:\Program Files\Docker\Docker\resources\bin;C:\apache-maven-3.9.4\bin;C:\Program Files\PuTTY\;C:\Program Files\Amazon\AWSCLIV2\;D:\OTHERS\Softwares\QT-full\5.12.12\mingw73_64\bin;C:\Program Files\PostgreSQL\16\bin;C:\Program Files\OpenModelica1.22.0-64bit\bin;C:\Program Files\nodejs;C:\apache-maven-3.9.6\bin;C:\Program Files\MongoDB\Server\7.0\bin;C:\Program Files\MongoDB\Server\5.0\bin;C:\Program Files\MongoDB\Server\5.0\bin;C:\Program Files\Git\cmd;C:\MinGW\bin;C:\Program Files\nodejs\;C:\kotlinc\bin;C:\Program Files\PostgreSQL\15\bin;C:\Users\Administrator\.cargo\bin;C:\go\bin;C:\bazel;C:\bazel;C:\minikube;C:\k8s;C:\Kubernetes;C:\Program Files\Java\jdk-17\bin;C:\Terraform;C:\Users\Administrator\.cargo\bin;C:\Python311;C:\Program Files\JetBrains\PyCharm 2023.2.2\bin;;D:\OTHERS\Softwares\IntelliJ IDEA Community Edition 2024.2.0.2\bin;;C:\Users\Administrator\AppData\Roaming\npm;D:\OTHERS\Softwares\PyCharm Community Edition 2024.1.1\bin;;D:\OTHERS\Softwares\eclipse new\eclipse;
USERNAME=Administrator
TERM=dumb
OS=Windows_NT
PROCESSOR_IDENTIFIER=Intel64 Family 6 Model 140 Stepping 1, GenuineIntel
TMP=C:\Users\ADMINI~1\AppData\Local\Temp
TEMP=C:\Users\ADMINI~1\AppData\Local\Temp



---------------  S Y S T E M  ---------------

OS:
 Windows 11 , 64 bit Build 22000 (10.0.22000.2538)
OS uptime: 3 days 23:35 hours
Hyper-V role detected

CPU: total 8 (initial active 8) (4 cores per cpu, 2 threads per core) family 6 model 140 stepping 1 microcode 0xac, cx8, cmov, fxsr, ht, mmx, 3dnowpref, sse, sse2, sse3, ssse3, sse4.1, sse4.2, popcnt, lzcnt, tsc, tscinvbit, avx, avx2, aes, erms, clmul, bmi1, bmi2, adx, avx512f, avx512dq, avx512cd, avx512bw, avx512vl, sha, fma, vzeroupper, avx512_vpopcntdq, avx512_vpclmulqdq, avx512_vaes, avx512_vnni, clflush, clflushopt, clwb, avx512_vbmi2, avx512_vbmi, hv

Memory: 4k page, system-wide physical 15781M (2579M free)
TotalPageFile size 29091M (AvailPageFile size 148M)
current process WorkingSet (physical memory assigned to process): 26M, peak: 26M
current process commit charge ("private bytes"): 72M, peak: 320M

vm_info: OpenJDK 64-Bit Server VM (17.0.4.1+1) for windows-amd64 JRE (17.0.4.1+1), built on Aug 17 2022 07:42:43 by "temurin" with MS VC++ 16.7 (VS2019)

END.
